

> @miglee/web@1.0.0 gql:gen /Users/abartski/dev-vibe/miglee/apps/web
> graphql-codegen --config src/graphql/codegen.ts

[?25l[2mâ—¼[22m Parse Configuration
[?25l[2K[1A[2K[G[2mâ—¼[22m Parse Configuration
[2mâ—¼[22m Generate outputs
[?25l[?25l[2K[1A[2K[1A[2K[G[93mâ ‹[39m Parse Configuration
[2mâ—¼[22m Generate outputs
[?25l[?25l[2K[1A[2K[1A[2K[G[32mâœ”[39m Parse Configuration
[2mâ—¼[22m Generate outputs
[?25l[?25l[2K[1A[2K[1A[2K[G[32mâœ”[39m Parse Configuration
[93mâ ‹[39m Generate outputs
[?25l[2K[1A[2K[1A[2K[G[32mâœ”[39m Parse Configuration
[33mâ¯[39m Generate outputs
[?25l[2K[1A[2K[1A[2K[G[32mâœ”[39m Parse Configuration
[33mâ¯[39m Generate outputs
  [2mâ—¼[22m Generate to ./src/graphql/__generated__/react-query.ts
[?25l[?25l[2K[1A[2K[1A[2K[1A[2K[G[32mâœ”[39m Parse Configuration
[33mâ¯[39m Generate outputs
  [93mâ ‹[39m Generate to ./src/graphql/__generated__/react-query.ts
[?25l[2K[1A[2K[1A[2K[1A[2K[G[32mâœ”[39m Parse Configuration
[33mâ¯[39m Generate outputs
  [33mâ¯[39m Generate to ./src/graphql/__generated__/react-query.ts
[?25l[2K[1A[2K[1A[2K[1A[2K[G[32mâœ”[39m Parse Configuration
[33mâ¯[39m Generate outputs
  [33mâ¯[39m Generate to ./src/graphql/__generated__/react-query.ts
    [2mâ—¼[22m Load GraphQL schemas
[?25l[2K[1A[2K[1A[2K[1A[2K[1A[2K[G[32mâœ”[39m Parse Configuration
[33mâ¯[39m Generate outputs
  [33mâ¯[39m Generate to ./src/graphql/__generated__/react-query.ts
    [2mâ—¼[22m Load GraphQL schemas
    [2mâ—¼[22m Load GraphQL documents
[?25l[2K[1A[2K[1A[2K[1A[2K[1A[2K[1A[2K[G[32mâœ”[39m Parse Configuration
[33mâ¯[39m Generate outputs
  [33mâ¯[39m Generate to ./src/graphql/__generated__/react-query.ts
    [2mâ—¼[22m Load GraphQL schemas
    [2mâ—¼[22m Load GraphQL documents
    [2mâ—¼[22m Generate
[?25l[?25l[2K[1A[2K[1A[2K[1A[2K[1A[2K[1A[2K[1A[2K[G[32mâœ”[39m Parse Configuration
[33mâ¯[39m Generate outputs
  [33mâ¯[39m Generate to ./src/graphql/__generated__/react-query.ts
    [93mâ ‹[39m Load GraphQL schemas
    [2mâ—¼[22m Load GraphQL documents
    [2mâ—¼[22m Generate
[?25l[?25l[2K[1A[2K[1A[2K[1A[2K[1A[2K[1A[2K[1A[2K[G[32mâœ”[39m Parse Configuration
[33mâ¯[39m Generate outputs
  [33mâ¯[39m Generate to ./src/graphql/__generated__/react-query.ts
    [32mâœ”[39m Load GraphQL schemas
    [2mâ—¼[22m Load GraphQL documents
    [2mâ—¼[22m Generate
[?25l[?25l[2K[1A[2K[1A[2K[1A[2K[1A[2K[1A[2K[1A[2K[G[32mâœ”[39m Parse Configuration
[33mâ¯[39m Generate outputs
  [33mâ¯[39m Generate to ./src/graphql/__generated__/react-query.ts
    [32mâœ”[39m Load GraphQL schemas
    [93mâ ‹[39m Load GraphQL documents
    [2mâ—¼[22m Generate
[?25l[?25l[2K[1A[2K[1A[2K[1A[2K[1A[2K[1A[2K[1A[2K[G[32mâœ”[39m Parse Configuration
[33mâ¯[39m Generate outputs
  [33mâ¯[39m Generate to ./src/graphql/__generated__/react-query.ts
    [32mâœ”[39m Load GraphQL schemas
    [32mâœ”[39m Load GraphQL documents
    [2mâ—¼[22m Generate
[?25l[?25l[2K[1A[2K[1A[2K[1A[2K[1A[2K[1A[2K[1A[2K[G[32mâœ”[39m Parse Configuration
[33mâ¯[39m Generate outputs
  [33mâ¯[39m Generate to ./src/graphql/__generated__/react-query.ts
    [32mâœ”[39m Load GraphQL schemas
    [32mâœ”[39m Load GraphQL documents
    [93mâ ‹[39m Generate
[?25l[?25l[2K[1A[2K[1A[2K[1A[2K[1A[2K[1A[2K[1A[2K[G[32mâœ”[39m Parse Configuration
[33mâ¯[39m Generate outputs
  [33mâ¯[39m Generate to ./src/graphql/__generated__/react-query.ts
    [32mâœ”[39m Load GraphQL schemas
    [32mâœ”[39m Load GraphQL documents
    [32mâœ”[39m Generate
[?25l[?25l[2K[1A[2K[1A[2K[1A[2K[1A[2K[1A[2K[1A[2K[G[32mâœ”[39m Parse Configuration
[33mâ¯[39m Generate outputs
  [32mâœ”[39m Generate to ./src/graphql/__generated__/react-query.ts
[?25l[?25l[2K[1A[2K[1A[2K[1A[2K[G[32mâœ”[39m Parse Configuration
[32mâœ”[39m Generate outputs
[2K[1A[2K[1A[2K[G[?25h[32mâœ”[39m Parse Configuration
[32mâœ”[39m Generate outputs
[?25h
